# JRE version: OpenJDK Runtime Environment Temurin-17.0.10+7 (17.0.10+7) (build 17.0.10+7)
# Java VM: OpenJDK 64-Bit Server VM Temurin-17.0.10+7 (17.0.10+7, mixed mode, tiered, compressed oops, compressed class ptrs, parallel gc, windows-amd64)
GC Precious Log:
 CPUs: 8 total, 8 available
 Memory: 7991M
 Large Page Support: Disabled
 NUMA Support: Disabled
 Compressed Oops: Enabled (32-bit)
 Alignments: Space 512K, Generation 512K, Heap 2M
 Heap Min Capacity: 100M
 Heap Initial Capacity: 100M
 Heap Max Capacity: 1G
 Pre-touch: Disabled
 Parallel Workers: 8
Heap:
 PSYoungGen      total 7168K, used 789K [0x00000000eab00000, 0x00000000eb380000, 0x0000000100000000)
  eden space 6656K, 4% used [0x00000000eab00000,0x00000000eab45b80,0x00000000eb180000)
  from space 512K, 99% used [0x00000000eb300000,0x00000000eb37faa8,0x00000000eb380000)
  to   space 1024K, 0% used [0x00000000eb180000,0x00000000eb180000,0x00000000eb280000)
 ParOldGen       total 172544K, used 169335K [0x00000000c0000000, 0x00000000ca880000, 0x00000000eab00000)
  object space 172544K, 98% used [0x00000000c0000000,0x00000000ca55de00,0x00000000ca880000)
 Metaspace       used 75318K, committed 76480K, reserved 1179648K
  class space    used 8415K, committed 8896K, reserved 1048576K
GC Heap History (20 events):
Event: 39.034 GC heap before
{Heap before GC invocations=248 (full 7):
 PSYoungGen      total 9216K, used 8960K [0x00000000eab00000, 0x00000000eb580000, 0x0000000100000000)
  eden space 8704K, 100% used [0x00000000eab00000,0x00000000eb380000,0x00000000eb380000)
  from space 512K, 50% used [0x00000000eb380000,0x00000000eb3c0000,0x00000000eb400000)
  to   space 1024K, 0% used [0x00000000eb480000,0x00000000eb480000,0x00000000eb580000)
 ParOldGen       total 172544K, used 162250K [0x00000000c0000000, 0x00000000ca880000, 0x00000000eab00000)
  object space 172544K, 94% used [0x00000000c0000000,0x00000000c9e72b60,0x00000000ca880000)
 Metaspace       used 72406K, committed 73536K, reserved 1114112K
  class space    used 8141K, committed 8640K, reserved 1048576K
}
Event: 39.036 GC heap after
{Heap after GC invocations=248 (full 7):
 PSYoungGen      total 9216K, used 384K [0x00000000eab00000, 0x00000000eb500000, 0x0000000100000000)
  eden space 8704K, 0% used [0x00000000eab00000,0x00000000eab00000,0x00000000eb380000)
  from space 512K, 75% used [0x00000000eb480000,0x00000000eb4e0000,0x00000000eb500000)
  to   space 512K, 0% used [0x00000000eb380000,0x00000000eb380000,0x00000000eb400000)
 ParOldGen       total 172544K, used 162258K [0x00000000c0000000, 0x00000000ca880000, 0x00000000eab00000)
  object space 172544K, 94% used [0x00000000c0000000,0x00000000c9e74b60,0x00000000ca880000)
 Metaspace       used 72406K, committed 73536K, reserved 1114112K
  class space    used 8141K, committed 8640K, reserved 1048576K
}
Event: 39.327 GC heap before
{Heap before GC invocations=249 (full 7):
 PSYoungGen      total 9216K, used 9061K [0x00000000eab00000, 0x00000000eb500000, 0x0000000100000000)
  eden space 8704K, 99% used [0x00000000eab00000,0x00000000eb379558,0x00000000eb380000)
  from space 512K, 75% used [0x00000000eb480000,0x00000000eb4e0000,0x00000000eb500000)
  to   space 512K, 0% used [0x00000000eb380000,0x00000000eb380000,0x00000000eb400000)
 ParOldGen       total 172544K, used 162258K [0x00000000c0000000, 0x00000000ca880000, 0x00000000eab00000)
  object space 172544K, 94% used [0x00000000c0000000,0x00000000c9e74b60,0x00000000ca880000)
 Metaspace       used 72916K, committed 74048K, reserved 1114112K
  class space    used 8191K, committed 8704K, reserved 1048576K
}
Event: 39.331 GC heap after
{Heap after GC invocations=249 (full 7):
 PSYoungGen      total 9216K, used 512K [0x00000000eab00000, 0x00000000eb680000, 0x0000000100000000)
  eden space 8704K, 0% used [0x00000000eab00000,0x00000000eab00000,0x00000000eb380000)
  from space 512K, 100% used [0x00000000eb380000,0x00000000eb400000,0x00000000eb400000)
  to   space 1536K, 0% used [0x00000000eb500000,0x00000000eb500000,0x00000000eb680000)
 ParOldGen       total 172544K, used 162814K [0x00000000c0000000, 0x00000000ca880000, 0x00000000eab00000)
  object space 172544K, 94% used [0x00000000c0000000,0x00000000c9effa78,0x00000000ca880000)
 Metaspace       used 72916K, committed 74048K, reserved 1114112K
  class space    used 8191K, committed 8704K, reserved 1048576K
}
Event: 39.572 GC heap before
{Heap before GC invocations=250 (full 7):
 PSYoungGen      total 9216K, used 9186K [0x00000000eab00000, 0x00000000eb680000, 0x0000000100000000)
  eden space 8704K, 99% used [0x00000000eab00000,0x00000000eb378830,0x00000000eb380000)
  from space 512K, 100% used [0x00000000eb380000,0x00000000eb400000,0x00000000eb400000)
  to   space 1536K, 0% used [0x00000000eb500000,0x00000000eb500000,0x00000000eb680000)
 ParOldGen       total 172544K, used 162814K [0x00000000c0000000, 0x00000000ca880000, 0x00000000eab00000)
  object space 172544K, 94% used [0x00000000c0000000,0x00000000c9effa78,0x00000000ca880000)
 Metaspace       used 73416K, committed 74624K, reserved 1179648K
  class space    used 8244K, committed 8768K, reserved 1048576K
}
Event: 39.574 GC heap after
{Heap after GC invocations=250 (full 7):
 PSYoungGen      total 9728K, used 1524K [0x00000000eab00000, 0x00000000eb780000, 0x0000000100000000)
  eden space 8192K, 0% used [0x00000000eab00000,0x00000000eab00000,0x00000000eb300000)
  from space 1536K, 99% used [0x00000000eb500000,0x00000000eb67d0e0,0x00000000eb680000)
  to   space 2048K, 0% used [0x00000000eb300000,0x00000000eb300000,0x00000000eb500000)
 ParOldGen       total 172544K, used 163006K [0x00000000c0000000, 0x00000000ca880000, 0x00000000eab00000)
  object space 172544K, 94% used [0x00000000c0000000,0x00000000c9f2fa78,0x00000000ca880000)
 Metaspace       used 73416K, committed 74624K, reserved 1179648K
  class space    used 8244K, committed 8768K, reserved 1048576K
}
Event: 39.799 GC heap before
{Heap before GC invocations=251 (full 7):
 PSYoungGen      total 9728K, used 9716K [0x00000000eab00000, 0x00000000eb780000, 0x0000000100000000)
  eden space 8192K, 100% used [0x00000000eab00000,0x00000000eb300000,0x00000000eb300000)
  from space 1536K, 99% used [0x00000000eb500000,0x00000000eb67d0e0,0x00000000eb680000)
  to   space 2048K, 0% used [0x00000000eb300000,0x00000000eb300000,0x00000000eb500000)
 ParOldGen       total 172544K, used 163006K [0x00000000c0000000, 0x00000000ca880000, 0x00000000eab00000)
  object space 172544K, 94% used [0x00000000c0000000,0x00000000c9f2fa78,0x00000000ca880000)
 Metaspace       used 73557K, committed 74752K, reserved 1179648K
  class space    used 8261K, committed 8768K, reserved 1048576K
}
Event: 39.802 GC heap after
{Heap after GC invocations=251 (full 7):
 PSYoungGen      total 9216K, used 640K [0x00000000eab00000, 0x00000000eb600000, 0x0000000100000000)
  eden space 8192K, 0% used [0x00000000eab00000,0x00000000eab00000,0x00000000eb300000)
  from space 1024K, 62% used [0x00000000eb300000,0x00000000eb3a0010,0x00000000eb400000)
  to   space 1536K, 0% used [0x00000000eb480000,0x00000000eb480000,0x00000000eb600000)
 ParOldGen       total 172544K, used 164433K [0x00000000c0000000, 0x00000000ca880000, 0x00000000eab00000)
  object space 172544K, 95% used [0x00000000c0000000,0x00000000ca094500,0x00000000ca880000)
 Metaspace       used 73557K, committed 74752K, reserved 1179648K
  class space    used 8261K, committed 8768K, reserved 1048576K
}
Event: 39.836 GC heap before
{Heap before GC invocations=252 (full 7):
 PSYoungGen      total 9216K, used 8832K [0x00000000eab00000, 0x00000000eb600000, 0x0000000100000000)
  eden space 8192K, 100% used [0x00000000eab00000,0x00000000eb300000,0x00000000eb300000)
  from space 1024K, 62% used [0x00000000eb300000,0x00000000eb3a0010,0x00000000eb400000)
  to   space 1536K, 0% used [0x00000000eb480000,0x00000000eb480000,0x00000000eb600000)
 ParOldGen       total 172544K, used 164433K [0x00000000c0000000, 0x00000000ca880000, 0x00000000eab00000)
  object space 172544K, 95% used [0x00000000c0000000,0x00000000ca094500,0x00000000ca880000)
 Metaspace       used 73608K, committed 74752K, reserved 1179648K
  class space    used 8264K, committed 8768K, reserved 1048576K
}
Event: 39.839 GC heap after
{Heap after GC invocations=252 (full 7):
 PSYoungGen      total 8192K, used 1507K [0x00000000eab00000, 0x00000000eb900000, 0x0000000100000000)
  eden space 6656K, 0% used [0x00000000eab00000,0x00000000eab00000,0x00000000eb180000)
  from space 1536K, 98% used [0x00000000eb480000,0x00000000eb5f8cf8,0x00000000eb600000)
  to   space 3072K, 0% used [0x00000000eb180000,0x00000000eb180000,0x00000000eb480000)
 ParOldGen       total 172544K, used 165200K [0x00000000c0000000, 0x00000000ca880000, 0x00000000eab00000)
  object space 172544K, 95% used [0x00000000c0000000,0x00000000ca154088,0x00000000ca880000)
 Metaspace       used 73608K, committed 74752K, reserved 1179648K
  class space    used 8264K, committed 8768K, reserved 1048576K
}
Event: 39.907 GC heap before
{Heap before GC invocations=253 (full 7):
 PSYoungGen      total 8192K, used 8163K [0x00000000eab00000, 0x00000000eb900000, 0x0000000100000000)
  eden space 6656K, 100% used [0x00000000eab00000,0x00000000eb180000,0x00000000eb180000)
  from space 1536K, 98% used [0x00000000eb480000,0x00000000eb5f8cf8,0x00000000eb600000)
  to   space 3072K, 0% used [0x00000000eb180000,0x00000000eb180000,0x00000000eb480000)
 ParOldGen       total 172544K, used 165200K [0x00000000c0000000, 0x00000000ca880000, 0x00000000eab00000)
  object space 172544K, 95% used [0x00000000c0000000,0x00000000ca154088,0x00000000ca880000)
 Metaspace       used 73976K, committed 75136K, reserved 1179648K
  class space    used 8296K, committed 8768K, reserved 1048576K
}
Event: 39.911 GC heap after
{Heap after GC invocations=253 (full 7):
 PSYoungGen      total 7680K, used 753K [0x00000000eab00000, 0x00000000eb500000, 0x0000000100000000)
  eden space 6656K, 0% used [0x00000000eab00000,0x00000000eab00000,0x00000000eb180000)
  from space 1024K, 73% used [0x00000000eb180000,0x00000000eb23c4e0,0x00000000eb280000)
  to   space 1536K, 0% used [0x00000000eb380000,0x00000000eb380000,0x00000000eb500000)
 ParOldGen       total 172544K, used 166665K [0x00000000c0000000, 0x00000000ca880000, 0x00000000eab00000)
  object space 172544K, 96% used [0x00000000c0000000,0x00000000ca2c27a0,0x00000000ca880000)
 Metaspace       used 73976K, committed 75136K, reserved 1179648K
  class space    used 8296K, committed 8768K, reserved 1048576K
}
Event: 40.001 GC heap before
{Heap before GC invocations=254 (full 7):
 PSYoungGen      total 7680K, used 7409K [0x00000000eab00000, 0x00000000eb500000, 0x0000000100000000)
  eden space 6656K, 100% used [0x00000000eab00000,0x00000000eb180000,0x00000000eb180000)
  from space 1024K, 73% used [0x00000000eb180000,0x00000000eb23c4e0,0x00000000eb280000)
  to   space 1536K, 0% used [0x00000000eb380000,0x00000000eb380000,0x00000000eb500000)
 ParOldGen       total 172544K, used 166665K [0x00000000c0000000, 0x00000000ca880000, 0x00000000eab00000)
  object space 172544K, 96% used [0x00000000c0000000,0x00000000ca2c27a0,0x00000000ca880000)
 Metaspace       used 74235K, committed 75328K, reserved 1179648K
  class space    used 8321K, committed 8768K, reserved 1048576K
}
Event: 40.003 GC heap after
{Heap after GC invocations=254 (full 7):
 PSYoungGen      total 7680K, used 947K [0x00000000eab00000, 0x00000000eb480000, 0x0000000100000000)
  eden space 6656K, 0% used [0x00000000eab00000,0x00000000eab00000,0x00000000eb180000)
  from space 1024K, 92% used [0x00000000eb380000,0x00000000eb46cfa0,0x00000000eb480000)
  to   space 1024K, 0% used [0x00000000eb180000,0x00000000eb180000,0x00000000eb280000)
 ParOldGen       total 172544K, used 167244K [0x00000000c0000000, 0x00000000ca880000, 0x00000000eab00000)
  object space 172544K, 96% used [0x00000000c0000000,0x00000000ca3531a0,0x00000000ca880000)
 Metaspace       used 74235K, committed 75328K, reserved 1179648K
  class space    used 8321K, committed 8768K, reserved 1048576K
}
Event: 40.083 GC heap before
{Heap before GC invocations=255 (full 7):
 PSYoungGen      total 7680K, used 7551K [0x00000000eab00000, 0x00000000eb480000, 0x0000000100000000)
  eden space 6656K, 99% used [0x00000000eab00000,0x00000000eb172de0,0x00000000eb180000)
  from space 1024K, 92% used [0x00000000eb380000,0x00000000eb46cfa0,0x00000000eb480000)
  to   space 1024K, 0% used [0x00000000eb180000,0x00000000eb180000,0x00000000eb280000)
 ParOldGen       total 172544K, used 167244K [0x00000000c0000000, 0x00000000ca880000, 0x00000000eab00000)
  object space 172544K, 96% used [0x00000000c0000000,0x00000000ca3531a0,0x00000000ca880000)
 Metaspace       used 74694K, committed 75840K, reserved 1179648K
  class space    used 8360K, committed 8832K, reserved 1048576K
}
Event: 40.085 GC heap after
{Heap after GC invocations=255 (full 7):
 PSYoungGen      total 7680K, used 1024K [0x00000000eab00000, 0x00000000eb480000, 0x0000000100000000)
  eden space 6656K, 0% used [0x00000000eab00000,0x00000000eab00000,0x00000000eb180000)
  from space 1024K, 100% used [0x00000000eb180000,0x00000000eb280000,0x00000000eb280000)
  to   space 1536K, 0% used [0x00000000eb300000,0x00000000eb300000,0x00000000eb480000)
 ParOldGen       total 172544K, used 167647K [0x00000000c0000000, 0x00000000ca880000, 0x00000000eab00000)
  object space 172544K, 97% used [0x00000000c0000000,0x00000000ca3b7cb0,0x00000000ca880000)
 Metaspace       used 74694K, committed 75840K, reserved 1179648K
  class space    used 8360K, committed 8832K, reserved 1048576K
}
Event: 40.122 GC heap before
{Heap before GC invocations=256 (full 7):
 PSYoungGen      total 7680K, used 7680K [0x00000000eab00000, 0x00000000eb480000, 0x0000000100000000)
  eden space 6656K, 100% used [0x00000000eab00000,0x00000000eb180000,0x00000000eb180000)
  from space 1024K, 100% used [0x00000000eb180000,0x00000000eb280000,0x00000000eb280000)
  to   space 1536K, 0% used [0x00000000eb300000,0x00000000eb300000,0x00000000eb480000)
 ParOldGen       total 172544K, used 167647K [0x00000000c0000000, 0x00000000ca880000, 0x00000000eab00000)
  object space 172544K, 97% used [0x00000000c0000000,0x00000000ca3b7cb0,0x00000000ca880000)
 Metaspace       used 75130K, committed 76288K, reserved 1179648K
  class space    used 8397K, committed 8896K, reserved 1048576K
}
Event: 40.124 GC heap after
{Heap after GC invocations=256 (full 7):
 PSYoungGen      total 7168K, used 256K [0x00000000eab00000, 0x00000000eb380000, 0x0000000100000000)
  eden space 6656K, 0% used [0x00000000eab00000,0x00000000eab00000,0x00000000eb180000)
  from space 512K, 50% used [0x00000000eb300000,0x00000000eb340000,0x00000000eb380000)
  to   space 1024K, 0% used [0x00000000eb180000,0x00000000eb180000,0x00000000eb280000)
 ParOldGen       total 172544K, used 168696K [0x00000000c0000000, 0x00000000ca880000, 0x00000000eab00000)
  object space 172544K, 97% used [0x00000000c0000000,0x00000000ca4be288,0x00000000ca880000)
 Metaspace       used 75130K, committed 76288K, reserved 1179648K
  class space    used 8397K, committed 8896K, reserved 1048576K
}
Event: 40.153 GC heap before
{Heap before GC invocations=257 (full 7):
 PSYoungGen      total 7168K, used 6912K [0x00000000eab00000, 0x00000000eb380000, 0x0000000100000000)
  eden space 6656K, 100% used [0x00000000eab00000,0x00000000eb180000,0x00000000eb180000)
  from space 512K, 50% used [0x00000000eb300000,0x00000000eb340000,0x00000000eb380000)
  to   space 1024K, 0% used [0x00000000eb180000,0x00000000eb180000,0x00000000eb280000)
 ParOldGen       total 172544K, used 168696K [0x00000000c0000000, 0x00000000ca880000, 0x00000000eab00000)
  object space 172544K, 97% used [0x00000000c0000000,0x00000000ca4be288,0x00000000ca880000)
 Metaspace       used 75150K, committed 76288K, reserved 1179648K
  class space    used 8398K, committed 8896K, reserved 1048576K
}
Event: 40.154 GC heap after
{Heap after GC invocations=257 (full 7):
 PSYoungGen      total 7680K, used 320K [0x00000000eab00000, 0x00000000eb380000, 0x0000000100000000)
  eden space 6656K, 0% used [0x00000000eab00000,0x00000000eab00000,0x00000000eb180000)
  from space 1024K, 31% used [0x00000000eb180000,0x00000000eb1d0000,0x00000000eb280000)
  to   space 512K, 0% used [0x00000000eb300000,0x00000000eb300000,0x00000000eb380000)
 ParOldGen       total 172544K, used 168880K [0x00000000c0000000, 0x00000000ca880000, 0x00000000eab00000)
  object space 172544K, 97% used [0x00000000c0000000,0x00000000ca4ec288,0x00000000ca880000)
 Metaspace       used 75150K, committed 76288K, reserved 1179648K
  class space    used 8398K, committed 8896K, reserved 1048576K
}

